<?xml version="1.0" encoding="UTF-8"?>
<testng-results ignored="2" total="3" passed="1" failed="0" skipped="0">
  <reporter-output>
  </reporter-output>
  <suite started-at="2025-12-23T17:56:56 IST" name="Default suite" finished-at="2025-12-23T17:57:22 IST" duration-ms="25939">
    <groups>
    </groups>
    <test started-at="2025-12-23T17:56:56 IST" name="Default test" finished-at="2025-12-23T17:57:22 IST" duration-ms="25939">
      <class name="com.CRM.ESPOCRM.SystemTesting">
        <test-method is-config="true" signature="configBC()[pri:0, instance:com.CRM.ESPOCRM.SystemTesting@28dcca0c]" started-at="2025-12-23T17:56:56 IST" name="configBC" finished-at="2025-12-23T17:57:01 IST" duration-ms="5182" status="PASS">
          <reporter-output>
          </reporter-output>
        </test-method> <!-- configBC -->
        <test-method is-config="true" signature="configBM()[pri:0, instance:com.CRM.ESPOCRM.SystemTesting@28dcca0c]" started-at="2025-12-23T17:57:01 IST" name="configBM" finished-at="2025-12-23T17:57:08 IST" duration-ms="6981" status="PASS">
          <reporter-output>
          </reporter-output>
        </test-method> <!-- configBM -->
        <test-method signature="AccountTodealcloser()[pri:0, instance:com.CRM.ESPOCRM.SystemTesting@28dcca0c]" started-at="2025-12-23T17:57:08 IST" name="AccountTodealcloser" finished-at="2025-12-23T17:57:20 IST" duration-ms="11486" status="PASS">
          <reporter-output>
          </reporter-output>
        </test-method> <!-- AccountTodealcloser -->
        <test-method is-config="true" signature="configAM()[pri:0, instance:com.CRM.ESPOCRM.SystemTesting@28dcca0c]" started-at="2025-12-23T17:57:20 IST" name="configAM" finished-at="2025-12-23T17:57:21 IST" duration-ms="950" status="PASS">
          <reporter-output>
          </reporter-output>
        </test-method> <!-- configAM -->
        <test-method is-config="true" signature="configAC()[pri:0, instance:com.CRM.ESPOCRM.SystemTesting@28dcca0c]" started-at="2025-12-23T17:57:21 IST" name="configAC" finished-at="2025-12-23T17:57:22 IST" duration-ms="1143" status="PASS">
          <reporter-output>
          </reporter-output>
        </test-method> <!-- configAC -->
      </class> <!-- com.CRM.ESPOCRM.SystemTesting -->
    </test> <!-- Default test -->
  </suite> <!-- Default suite -->
</testng-results>
