<?xml version="1.0" encoding="UTF-8"?>
<!-- Generated by org.testng.reporters.JUnitXMLReporter -->
<testsuite ignored="2" hostname="DESKTOP-JH6NQIS" failures="0" tests="1" name="Default test" time="25.939" errors="0" timestamp="2025-12-23T17:57:22 IST">
  <testcase classname="com.CRM.ESPOCRM.SystemTesting" name="AccountTodealcloser" time="11.486"/>
  <testcase classname="com.CRM.ESPOCRM.SystemTesting" name="leadTodealOpporunity" time="0.0">
    <ignored/>
  </testcase> <!-- leadTodealOpporunity -->
  <testcase classname="com.CRM.ESPOCRM.SystemTesting" name="oranizationWorkFlowTest" time="0.0">
    <ignored/>
  </testcase> <!-- oranizationWorkFlowTest -->
</testsuite> <!-- Default test -->
